[21:38:21] [main/WARN]: Ambiguity between arguments [teleport, destination] and [teleport, targets] with inputs: [Player, 0123, @e, dd12be42-52a9-4a91-a8a1-11c01849e498]
[21:38:21] [main/WARN]: Ambiguity between arguments [teleport, location] and [teleport, destination] with inputs: [0.1 -0.5 .9, 0 0 0]
[21:38:21] [main/WARN]: Ambiguity between arguments [teleport, location] and [teleport, targets] with inputs: [0.1 -0.5 .9, 0 0 0]
[21:38:21] [main/WARN]: Ambiguity between arguments [teleport, targets] and [teleport, destination] with inputs: [Player, 0123, dd12be42-52a9-4a91-a8a1-11c01849e498]
[21:38:21] [main/WARN]: Ambiguity between arguments [teleport, targets, location] and [teleport, targets, destination] with inputs: [0.1 -0.5 .9, 0 0 0]
[21:38:21] [main/INFO]: Loaded 0 recipes
[21:38:21] [main/INFO]: Loaded 0 advancements
[21:38:21] [Server thread/INFO]: Starting minecraft server version 1.13
[21:38:21] [Server thread/INFO]: Loading properties
[21:38:21] [Server thread/INFO]: Default game type: SURVIVAL
[21:38:21] [Server thread/INFO]: Generating keypair
[21:38:21] [Server thread/INFO]: Starting Minecraft server on *:25565
[21:38:21] [Server thread/INFO]: Using epoll channel type
[21:38:22] [Server thread/WARN]: **** SERVER IS RUNNING IN OFFLINE/INSECURE MODE!
[21:38:22] [Server thread/WARN]: The server will make no attempt to authenticate usernames. Beware.
[21:38:22] [Server thread/WARN]: While this makes the game possible to play without internet access, it also opens up the ability for hackers to connect with any username they choose.
[21:38:22] [Server thread/WARN]: To change this, set "online-mode" to "true" in the server.properties file.
[21:38:22] [Server thread/INFO]: Preparing level "world"
[21:38:22] [Server thread/INFO]: Reloading ResourceManager: Default
[21:38:22] [Server thread/INFO]: Loaded 524 recipes
[21:38:22] [Server thread/INFO]: Loaded 571 advancements
[21:38:23] [Server thread/INFO]: Preparing start region for level 0
[21:38:23] [Server thread/INFO]: Preparing spawn area: 4%
[21:38:23] [Server thread/INFO]: Preparing spawn area: 8%
[21:38:25] [Server thread/INFO]: Preparing spawn area: 12%
[21:38:25] [Server thread/INFO]: Preparing spawn area: 16%
[21:38:25] [Server thread/INFO]: Preparing spawn area: 20%
[21:38:25] [Server thread/INFO]: Preparing spawn area: 24%
[21:38:25] [Server thread/INFO]: Preparing spawn area: 28%
[21:38:25] [Server thread/INFO]: Preparing spawn area: 32%
[21:38:26] [Server thread/INFO]: Preparing spawn area: 36%
[21:38:26] [Server thread/INFO]: Preparing spawn area: 40%
[21:38:26] [Server thread/INFO]: Preparing spawn area: 44%
[21:38:26] [Server thread/INFO]: Preparing spawn area: 48%
[21:38:26] [Server thread/INFO]: Preparing spawn area: 52%
[21:38:26] [Server thread/INFO]: Preparing spawn area: 56%
[21:38:26] [Server thread/INFO]: Preparing spawn area: 60%
[21:38:26] [Server thread/INFO]: Preparing spawn area: 64%
[21:38:26] [Server thread/INFO]: Preparing spawn area: 68%
[21:38:26] [Server thread/INFO]: Preparing spawn area: 72%
[21:38:26] [Server thread/INFO]: Preparing spawn area: 76%
[21:38:26] [Server thread/INFO]: Preparing spawn area: 80%
[21:38:26] [Server thread/INFO]: Preparing spawn area: 84%
[21:38:26] [Server thread/INFO]: Preparing spawn area: 88%
[21:38:26] [Server thread/INFO]: Preparing spawn area: 92%
[21:38:26] [Server thread/INFO]: Preparing spawn area: 96%
[21:38:26] [Server thread/INFO]: Preparing spawn area: 100%
[21:38:26] [Server thread/INFO]: Time elapsed: 3565 ms
[21:38:26] [Server thread/INFO]: Done (4.428s)! For help, type "help"
